[13Jul2025 17:46:50.195] [main/INFO] [cpw.mods.modlauncher.Launcher/MODLAUNCHER]: ModLauncher running: args [--launchTarget, neoforgeclientdev, --version, 21.4.137, --assetIndex, 19, --assetsDir, C:\\Users\\SonovArcoc\\.mcreator\\gradle\\caches\\neoformruntime\\assets, --gameDir, ., --fml.fmlVersion, 6.0.11, --fml.mcVersion, 1.21.4, --fml.neoForgeVersion, 21.4.137, --fml.neoFormVersion, 20241203.161809]
[13Jul2025 17:46:50.199] [main/INFO] [cpw.mods.modlauncher.Launcher/MODLAUNCHER]: JVM identified as Eclipse Adoptium OpenJDK 64-Bit Server VM 21.0.7+6-LTS
[13Jul2025 17:46:50.201] [main/INFO] [cpw.mods.modlauncher.Launcher/MODLAUNCHER]: ModLauncher 11.0.4+main.d2e20e43 starting: java version 21.0.7 by Eclipse Adoptium; OS Windows 10 arch amd64 version 10.0
[13Jul2025 17:46:50.329] [main/INFO] [net.neoforged.fml.loading.ImmediateWindowHandler/]: Loading ImmediateWindowProvider fmlearlywindow
[13Jul2025 17:46:50.438] [main/INFO] [EARLYDISPLAY/]: Trying GL version 4.6
[13Jul2025 17:46:50.613] [main/INFO] [EARLYDISPLAY/]: Requested GL version 4.6 got version 4.6
[13Jul2025 17:46:50.738] [main/INFO] [mixin/]: SpongePowered MIXIN Subsystem Version=0.8.7 Source=union:/C:/Users/SonovArcoc/.mcreator/gradle/caches/modules-2/files-2.1/net.fabricmc/sponge-mixin/0.15.2+mixin.0.8.7/2af2f021d8e02a0220dc27a7a72b4666d66d44ca/sponge-mixin-0.15.2+mixin.0.8.7.jar%23162!/ Service=ModLauncher Env=CLIENT
[13Jul2025 17:46:51.289] [pool-2-thread-1/INFO] [EARLYDISPLAY/]: GL info: NVIDIA GeForce RTX 3050/PCIe/SSE2 GL version 4.6.0 NVIDIA 560.94, NVIDIA Corporation
[13Jul2025 17:46:51.347] [main/INFO] [net.neoforged.fml.loading.moddiscovery.locators.JarInJarDependencyLocator/]: Found 2 dependencies adding them to mods collection
[13Jul2025 17:46:51.349] [main/INFO] [net.neoforged.fml.loading.moddiscovery.ModDiscoverer/]: 
     Mod List:
		Name Version (Mod Id)

		Five Nights at Freddy's: The Secret of the Mimic Mod 1.0.0 (fnafsotmmod)
		Minecraft 1.21.4 (minecraft)
		NeoForge 21.4.137 (neoforge)
[13Jul2025 17:46:52.422] [main/INFO] [cpw.mods.modlauncher.LaunchServiceHandler/MODLAUNCHER]: Launching target 'neoforgeclientdev' with arguments [--version, 21.4.137, --gameDir, ., --assetsDir, C:\Users\SonovArcoc\.mcreator\gradle\caches\neoformruntime\assets, --assetIndex, 19]
[13Jul2025 17:46:54.643] [Datafixer Bootstrap/INFO] [com.mojang.datafixers.DataFixerBuilder/]: 246 Datafixer optimizations took 844 milliseconds
[13Jul2025 17:46:54.774] [pool-7-thread-1/INFO] [MixinExtras|Service/]: Initializing MixinExtras via com.llamalad7.mixinextras.service.MixinExtrasServiceImpl(version=0.4.1).
[13Jul2025 17:47:00.305] [main/WARN] [net.minecraft.commands.Commands/]: Ambiguity between arguments [teleport, location] and [teleport, destination] with inputs: [0.1 -0.5 .9, 0 0 0]
[13Jul2025 17:47:00.323] [main/WARN] [net.minecraft.commands.Commands/]: Ambiguity between arguments [teleport, location] and [teleport, targets] with inputs: [0.1 -0.5 .9, 0 0 0]
[13Jul2025 17:47:00.327] [main/WARN] [net.minecraft.commands.Commands/]: Ambiguity between arguments [teleport, destination] and [teleport, targets] with inputs: [Player, 0123, @e, dd12be42-52a9-4a91-a8a1-11c01849e498]
[13Jul2025 17:47:00.328] [main/WARN] [net.minecraft.commands.Commands/]: Ambiguity between arguments [teleport, targets] and [teleport, destination] with inputs: [Player, 0123, dd12be42-52a9-4a91-a8a1-11c01849e498]
[13Jul2025 17:47:00.329] [main/WARN] [net.minecraft.commands.Commands/]: Ambiguity between arguments [teleport, targets, location] and [teleport, targets, destination] with inputs: [0.1 -0.5 .9, 0 0 0]
[13Jul2025 17:47:00.484] [Render thread/WARN] [net.minecraft.server.packs.VanillaPackResourcesBuilder/]: Assets URL 'union:/C:/Users/SonovArcoc/MCreatorWorkspaces/fnafsotmmod/build/moddev/artifacts/neoforge-21.4.137.jar%23215!/assets/.mcassetsroot' uses unexpected schema
[13Jul2025 17:47:00.484] [Render thread/WARN] [net.minecraft.server.packs.VanillaPackResourcesBuilder/]: Assets URL 'union:/C:/Users/SonovArcoc/MCreatorWorkspaces/fnafsotmmod/build/moddev/artifacts/neoforge-21.4.137.jar%23215!/data/.mcassetsroot' uses unexpected schema
[13Jul2025 17:47:00.516] [Render thread/INFO] [com.mojang.authlib.yggdrasil.YggdrasilAuthenticationService/]: Environment: Environment[sessionHost=https://sessionserver.mojang.com, servicesHost=https://api.minecraftservices.com, name=PROD]
[13Jul2025 17:47:00.526] [Render thread/INFO] [net.minecraft.client.Minecraft/]: Setting user: Dev
[13Jul2025 17:47:00.662] [Render thread/INFO] [net.minecraft.client.Minecraft/]: Backend library: LWJGL version 3.3.3+5
[13Jul2025 17:47:00.887] [modloading-worker-0/INFO] [net.neoforged.neoforge.common.NeoForgeMod/NEOFORGE-MOD]: NeoForge mod loading, version 21.4.137, for MC 1.21.4
[13Jul2025 17:47:01.889] [Render thread/INFO] [net.neoforged.neoforge.gametest.GameTestHooks/]: Enabled Gametest Namespaces: []
[13Jul2025 17:47:02.188] [Render thread/INFO] [net.minecraft.server.packs.resources.ReloadableResourceManager/]: Reloading ResourceManager: vanilla, mod_resources, mod/neoforge, mod/fnafsotmmod
[13Jul2025 17:47:02.458] [resourceLoad/INFO] [net.minecraft.client.gui.font.providers.UnihexProvider/]: Found unifont_all_no_pua-16.0.01.hex, loading
[13Jul2025 17:47:02.787] [resourceLoad/INFO] [net.minecraft.client.gui.font.providers.UnihexProvider/]: Found unifont_jp_patch-16.0.01.hex, loading
[13Jul2025 17:47:04.404] [Render thread/INFO] [com.mojang.blaze3d.audio.Library/]: OpenAL initialized on device OpenAL Soft on Динамики (High Definition Audio Device)
[13Jul2025 17:47:04.405] [Render thread/INFO] [net.minecraft.client.sounds.SoundEngine/SOUNDS]: Sound engine started
[13Jul2025 17:47:04.597] [Render thread/INFO] [net.minecraft.client.renderer.texture.TextureAtlas/]: Created: 1024x512x2 minecraft:textures/atlas/blocks.png-atlas
[13Jul2025 17:47:04.604] [Render thread/INFO] [net.minecraft.client.renderer.texture.TextureAtlas/]: Created: 256x256x2 minecraft:textures/atlas/signs.png-atlas
[13Jul2025 17:47:04.605] [Render thread/INFO] [net.minecraft.client.renderer.texture.TextureAtlas/]: Created: 512x512x2 minecraft:textures/atlas/shield_patterns.png-atlas
[13Jul2025 17:47:04.605] [Render thread/INFO] [net.minecraft.client.renderer.texture.TextureAtlas/]: Created: 512x512x2 minecraft:textures/atlas/banner_patterns.png-atlas
[13Jul2025 17:47:04.606] [Render thread/INFO] [net.minecraft.client.renderer.texture.TextureAtlas/]: Created: 2048x1024x2 minecraft:textures/atlas/armor_trims.png-atlas
[13Jul2025 17:47:04.608] [Render thread/INFO] [net.minecraft.client.renderer.texture.TextureAtlas/]: Created: 256x256x2 minecraft:textures/atlas/chest.png-atlas
[13Jul2025 17:47:04.609] [Render thread/INFO] [net.minecraft.client.renderer.texture.TextureAtlas/]: Created: 128x64x2 minecraft:textures/atlas/decorated_pot.png-atlas
[13Jul2025 17:47:04.609] [Render thread/INFO] [net.minecraft.client.renderer.texture.TextureAtlas/]: Created: 512x256x2 minecraft:textures/atlas/shulker_boxes.png-atlas
[13Jul2025 17:47:04.609] [Render thread/INFO] [net.minecraft.client.renderer.texture.TextureAtlas/]: Created: 512x256x2 minecraft:textures/atlas/beds.png-atlas
[13Jul2025 17:47:04.611] [Render thread/INFO] [net.minecraft.client.renderer.texture.TextureAtlas/]: Created: 64x64x0 minecraft:textures/atlas/map_decorations.png-atlas
[13Jul2025 17:47:04.682] [Render thread/INFO] [net.minecraft.client.renderer.texture.TextureAtlas/]: Created: 512x256x0 minecraft:textures/atlas/particles.png-atlas
[13Jul2025 17:47:04.690] [Render thread/INFO] [net.minecraft.client.renderer.texture.TextureAtlas/]: Created: 512x256x0 minecraft:textures/atlas/paintings.png-atlas
[13Jul2025 17:47:04.691] [Render thread/INFO] [net.minecraft.client.renderer.texture.TextureAtlas/]: Created: 256x128x0 minecraft:textures/atlas/mob_effects.png-atlas
[13Jul2025 17:47:04.691] [Render thread/INFO] [net.minecraft.client.renderer.texture.TextureAtlas/]: Created: 1024x512x0 minecraft:textures/atlas/gui.png-atlas
[13Jul2025 17:47:04.696] [Render thread/INFO] [net.neoforged.neoforge.client.entity.animation.json.AnimationLoader/]: Loaded 0 entity animations
[13Jul2025 17:47:11.251] [Render thread/INFO] [net.minecraft.world.item.crafting.RecipeManager/]: Loaded 1370 recipes
[13Jul2025 17:47:11.264] [Render thread/INFO] [net.minecraft.advancements.AdvancementTree/]: Loaded 1481 advancements
[13Jul2025 17:47:11.266] [Render thread/INFO] [net.neoforged.neoforge.common.crafting.RecipePriorityManager/]: Loaded 0 recipe priority overrides
[13Jul2025 17:47:11.496] [Server thread/INFO] [net.minecraft.client.server.IntegratedServer/]: Starting integrated minecraft server version 1.21.4
[13Jul2025 17:47:11.497] [Server thread/INFO] [net.minecraft.server.MinecraftServer/]: Generating keypair
[13Jul2025 17:47:11.733] [Server thread/INFO] [net.minecraft.server.MinecraftServer/]: Preparing start region for dimension minecraft:overworld
[13Jul2025 17:47:11.950] [progressListener/INFO] [net.minecraft.server.level.progress.LoggerChunkProgressListener/]: Preparing spawn area: 0%
[13Jul2025 17:47:11.966] [Server thread/INFO] [net.neoforged.neoforge.server.permission.PermissionAPI/]: Successfully initialized permission handler neoforge:default_handler
[13Jul2025 17:47:11.978] [progressListener/INFO] [net.minecraft.server.level.progress.LoggerChunkProgressListener/]: Time elapsed: 228 ms
[13Jul2025 17:47:12.032] [Server thread/INFO] [net.minecraft.client.server.IntegratedServer/]: Changing view distance to 5, from 10
[13Jul2025 17:47:12.032] [Server thread/INFO] [net.minecraft.client.server.IntegratedServer/]: Changing simulation distance to 12, from 0
[13Jul2025 17:47:12.989] [Server thread/INFO] [net.minecraft.server.players.PlayerList/]: Dev[local:E:141f130c] logged in with entity id 12 at (4.158706153809799, 57.04055382338746, -26.557877607678552)
[13Jul2025 17:47:13.064] [Server thread/INFO] [net.minecraft.server.MinecraftServer/]: Dev joined the game
[13Jul2025 17:47:13.717] [Render thread/INFO] [net.minecraft.advancements.AdvancementTree/]: Loaded 59 advancements
[13Jul2025 17:47:18.671] [Server thread/INFO] [net.minecraft.client.server.IntegratedServer/]: Saving and pausing game...
[13Jul2025 17:47:18.705] [Server thread/INFO] [net.minecraft.server.MinecraftServer/]: Saving chunks for level 'ServerLevel[New World]'/minecraft:overworld
[13Jul2025 17:47:18.718] [Server thread/INFO] [net.minecraft.server.MinecraftServer/]: Saving chunks for level 'ServerLevel[New World]'/minecraft:the_end
[13Jul2025 17:47:18.718] [Server thread/INFO] [net.minecraft.server.MinecraftServer/]: Saving chunks for level 'ServerLevel[New World]'/minecraft:the_nether
[13Jul2025 17:47:28.666] [Server thread/INFO] [net.minecraft.server.MinecraftServer/]: [Dev: Summoned new Mimiced Pig]
[13Jul2025 17:47:28.675] [Render thread/INFO] [net.minecraft.client.gui.components.ChatComponent/]: [System] [CHAT] Summoned new Mimiced Pig
[13Jul2025 17:47:59.471] [Server thread/INFO] [net.minecraft.client.server.IntegratedServer/]: Saving and pausing game...
[13Jul2025 17:47:59.489] [Server thread/INFO] [net.minecraft.server.MinecraftServer/]: Saving chunks for level 'ServerLevel[New World]'/minecraft:overworld
[13Jul2025 17:47:59.489] [Server thread/INFO] [net.minecraft.server.MinecraftServer/]: Saving chunks for level 'ServerLevel[New World]'/minecraft:the_end
[13Jul2025 17:47:59.490] [Server thread/INFO] [net.minecraft.server.MinecraftServer/]: Saving chunks for level 'ServerLevel[New World]'/minecraft:the_nether
[13Jul2025 17:47:59.871] [Server thread/INFO] [net.minecraft.server.network.ServerGamePacketListenerImpl/]: Dev lost connection: Disconnected
[13Jul2025 17:47:59.871] [Server thread/INFO] [net.minecraft.server.MinecraftServer/]: Dev left the game
[13Jul2025 17:47:59.888] [Server thread/INFO] [net.minecraft.server.network.ServerCommonPacketListenerImpl/]: Stopping singleplayer server as player logged out
[13Jul2025 17:47:59.931] [Server thread/INFO] [net.minecraft.server.MinecraftServer/]: Stopping server
[13Jul2025 17:47:59.931] [Server thread/INFO] [net.minecraft.server.MinecraftServer/]: Saving players
[13Jul2025 17:47:59.931] [Server thread/INFO] [net.minecraft.server.MinecraftServer/]: Saving worlds
[13Jul2025 17:48:01.052] [Server thread/INFO] [net.minecraft.server.MinecraftServer/]: Saving chunks for level 'ServerLevel[New World]'/minecraft:overworld
[13Jul2025 17:48:01.381] [Server thread/INFO] [net.minecraft.server.MinecraftServer/]: Saving chunks for level 'ServerLevel[New World]'/minecraft:the_end
[13Jul2025 17:48:01.402] [Server thread/INFO] [net.minecraft.server.MinecraftServer/]: Saving chunks for level 'ServerLevel[New World]'/minecraft:the_nether
[13Jul2025 17:48:01.455] [Server thread/INFO] [net.minecraft.server.MinecraftServer/]: ThreadedAnvilChunkStorage (New World): All chunks are saved
[13Jul2025 17:48:01.455] [Server thread/INFO] [net.minecraft.server.MinecraftServer/]: ThreadedAnvilChunkStorage (DIM1): All chunks are saved
[13Jul2025 17:48:01.455] [Server thread/INFO] [net.minecraft.server.MinecraftServer/]: ThreadedAnvilChunkStorage (DIM-1): All chunks are saved
[13Jul2025 17:48:01.455] [Server thread/INFO] [net.minecraft.server.MinecraftServer/]: ThreadedAnvilChunkStorage: All dimensions are saved
[13Jul2025 17:48:02.750] [Render thread/INFO] [net.minecraft.client.Minecraft/]: Stopping!
